<?xml version='1.0'?>
<ns2:test-suite xmlns:ns2='urn:model.allure.qatools.yandex.ru' start='1615828828260' stop='1615828838777'>
    <name>interaction with web element</name>
    <title>interaction with web element</title>
    <test-cases>
        <test-case start='1615828828261' status='broken' stop='1615828838026'>
            <name>Click on signin</name>
            <title>Click on signin</title>
            <labels>
                <label name='language' value='javascript'/>
                <label name='framework' value='wdio'/>
                <label name='thread' value='0-0'/>
            </labels>
            <parameters>
                <parameter kind='argument' name='browser' value='chrome-89.0.4389.82'/>
            </parameters>
            <steps>
                <step start='1615828828359' status='passed' stop='1615828837631'>
                    <name>POST /session/:sessionId/url</name>
                    <title>POST /session/:sessionId/url</title>
                    <attachments>
                        <attachment title='Request' source='4f1976de-1811-435a-a1a9-3cadd3b8dd12-attachment.json' type='application/json' size='45'/>
                    </attachments>
                    <steps/>
                </step>
                <step start='1615828837634' status='passed' stop='1615828838025'>
                    <name>GET /session/:sessionId/screenshot</name>
                    <title>GET /session/:sessionId/screenshot</title>
                    <attachments>
                        <attachment title='Screenshot' source='50c566a4-f6c9-4671-bae6-bb76e023b434-attachment.png' type='image/png' size='456541'/>
                    </attachments>
                    <steps/>
                </step>
            </steps>
            <attachments/>
            <failure>
                <message>homepage.clickOnSignin is not a function</message>
                <stack-trace>TypeError: homepage.clickOnSignin is not a function
                    at Context.&lt;anonymous> (C:\Users\91887\Documents\WebdriverIO_Practice\test\test\webpage.js:10:18)
                    at Context.executeSync (C:\Users\91887\Documents\WebdriverIO_Practice\node_modules\@wdio\sync\build\index.js:38:22)
                    at C:\Users\91887\Documents\WebdriverIO_Practice\node_modules\@wdio\sync\build\index.js:69:68</stack-trace>
            </failure>
        </test-case>
        <test-case start='1615828838026' status='broken' stop='1615828838385'>
            <name>Add email</name>
            <title>Add email</title>
            <labels>
                <label name='language' value='javascript'/>
                <label name='framework' value='wdio'/>
                <label name='thread' value='0-0'/>
            </labels>
            <parameters>
                <parameter kind='argument' name='browser' value='chrome-89.0.4389.82'/>
            </parameters>
            <steps>
                <step start='1615828838027' status='passed' stop='1615828838385'>
                    <name>GET /session/:sessionId/screenshot</name>
                    <title>GET /session/:sessionId/screenshot</title>
                    <attachments>
                        <attachment title='Screenshot' source='a26c005b-29aa-47a0-86c7-9a7e4b1c9e5d-attachment.png' type='image/png' size='456541'/>
                    </attachments>
                    <steps/>
                </step>
            </steps>
            <attachments/>
            <failure>
                <message>homepage.enterEmailId is not a function</message>
                <stack-trace>TypeError: homepage.enterEmailId is not a function
                    at Context.&lt;anonymous> (C:\Users\91887\Documents\WebdriverIO_Practice\test\test\webpage.js:15:18)
                    at Context.executeSync (C:\Users\91887\Documents\WebdriverIO_Practice\node_modules\@wdio\sync\build\index.js:38:22)
                    at C:\Users\91887\Documents\WebdriverIO_Practice\node_modules\@wdio\sync\build\index.js:69:68</stack-trace>
            </failure>
        </test-case>
        <test-case start='1615828838386' status='broken' stop='1615828838777'>
            <name>click create account</name>
            <title>click create account</title>
            <labels>
                <label name='language' value='javascript'/>
                <label name='framework' value='wdio'/>
                <label name='thread' value='0-0'/>
            </labels>
            <parameters>
                <parameter kind='argument' name='browser' value='chrome-89.0.4389.82'/>
            </parameters>
            <steps>
                <step start='1615828838387' status='passed' stop='1615828838776'>
                    <name>GET /session/:sessionId/screenshot</name>
                    <title>GET /session/:sessionId/screenshot</title>
                    <attachments>
                        <attachment title='Screenshot' source='006eda23-039b-4e17-bd47-6e692e680507-attachment.png' type='image/png' size='456541'/>
                    </attachments>
                    <steps/>
                </step>
            </steps>
            <attachments/>
            <failure>
                <message>homepage.clickOnSubmit is not a function</message>
                <stack-trace>TypeError: homepage.clickOnSubmit is not a function
                    at Context.&lt;anonymous> (C:\Users\91887\Documents\WebdriverIO_Practice\test\test\webpage.js:20:18)
                    at Context.executeSync (C:\Users\91887\Documents\WebdriverIO_Practice\node_modules\@wdio\sync\build\index.js:38:22)
                    at C:\Users\91887\Documents\WebdriverIO_Practice\node_modules\@wdio\sync\build\index.js:69:68</stack-trace>
            </failure>
        </test-case>
    </test-cases>
</ns2:test-suite>