<?xml version='1.0'?>
<ns2:test-suite xmlns:ns2='urn:model.allure.qatools.yandex.ru' start='1615948567815' stop='1615948633453'>
    <name>interaction with web element</name>
    <title>interaction with web element</title>
    <test-cases>
        <test-case start='1615948567816' status='broken' stop='1615948627922'>
            <name>Click on signin</name>
            <title>Click on signin</title>
            <labels>
                <label name='language' value='javascript'/>
                <label name='framework' value='wdio'/>
                <label name='thread' value='0-0'/>
            </labels>
            <parameters>
                <parameter kind='argument' name='browser' value='chrome-89.0.4389.82'/>
            </parameters>
            <steps>
                <step start='1615948567898' status='broken' stop='1615948627921'>
                    <name>POST /session/:sessionId/url</name>
                    <title>POST /session/:sessionId/url</title>
                    <attachments>
                        <attachment title='Request' source='66473a92-7b13-44b4-8052-f86e68e16e2b-attachment.json' type='application/json' size='45'/>
                    </attachments>
                    <steps/>
                </step>
            </steps>
            <attachments/>
            <failure>
                <message>Timeout of 60000ms exceeded. The execution in the test "interaction with web element Click on signin" took too long. Try to reduce the run time or increase your timeout for test specs (https://webdriver.io/docs/timeouts). (C:\Users\91887\Documents\WebdriverIO_Practice\test\webpage.js)</message>
                <stack-trace>Error: Timeout of 60000ms exceeded. The execution in the test "interaction with web element Click on signin" took too long. Try to reduce the run time or increase your timeout for test specs (https://webdriver.io/docs/timeouts). (C:\Users\91887\Documents\WebdriverIO_Practice\test\webpage.js)
                    at createTimeoutError (C:\Users\91887\Documents\WebdriverIO_Practice\node_modules\@wdio\mocha-framework\node_modules\mocha\lib\errors.js:491:15)
                    at Test.Runnable._timeoutError (C:\Users\91887\Documents\WebdriverIO_Practice\node_modules\@wdio\mocha-framework\node_modules\mocha\lib\runnable.js:431:10)
                    at Timeout.&lt;anonymous> (C:\Users\91887\Documents\WebdriverIO_Practice\node_modules\@wdio\mocha-framework\node_modules\mocha\lib\runnable.js:246:24)
                    at listOnTimeout (internal/timers.js:554:17)
                    at processTimers (internal/timers.js:497:7)</stack-trace>
            </failure>
        </test-case>
        <test-case start='1615948627924' status='broken' stop='1615948633260'>
            <name>Add email</name>
            <title>Add email</title>
            <labels>
                <label name='language' value='javascript'/>
                <label name='framework' value='wdio'/>
                <label name='thread' value='0-0'/>
            </labels>
            <parameters>
                <parameter kind='argument' name='browser' value='chrome-89.0.4389.82'/>
            </parameters>
            <steps>
                <step start='1615948627931' status='passed' stop='1615948633154'>
                    <name>POST /session/:sessionId/element</name>
                    <title>POST /session/:sessionId/element</title>
                    <attachments>
                        <attachment title='Request' source='cdf709f9-36a0-4d23-b968-cb9ea17ab0c2-attachment.json' type='application/json' size='64'/>
                    </attachments>
                    <steps/>
                </step>
                <step start='1615948633156' status='broken' stop='1615948633260'>
                    <name>POST /session/:sessionId/window/maximize</name>
                    <title>POST /session/:sessionId/window/maximize</title>
                    <attachments/>
                    <steps>
                        <step start='1615948633221' status='broken' stop='1615948633260'>
                            <name>GET /session/:sessionId/screenshot</name>
                            <title>GET /session/:sessionId/screenshot</title>
                            <attachments/>
                            <steps>
                                <step start='1615948633228' status='broken' stop='1615948633260'>
                                    <name>GET /session/:sessionId/screenshot</name>
                                    <title>GET /session/:sessionId/screenshot</title>
                                    <attachments/>
                                    <steps/>
                                </step>
                            </steps>
                        </step>
                    </steps>
                </step>
            </steps>
            <attachments/>
            <failure>
                <message>no such window: target window already closed
                from unknown error: web view not found
                  (Session info: chrome=89.0.4389.82)</message>
                <stack-trace>no such window: target window already closed
                from unknown error: web view not found
                  (Session info: chrome=89.0.4389.82)
                    at Object.getErrorFromResponseBody (C:\Users\91887\Documents\WebdriverIO_Practice\node_modules\webdriver\build\utils.js:189:12)
                    at WebDriverRequest._request (C:\Users\91887\Documents\WebdriverIO_Practice\node_modules\webdriver\build\request.js:168:31)
                    at processTicksAndRejections (internal/process/task_queues.js:93:5)
                    at async Browser.$ (C:\Users\91887\Documents\WebdriverIO_Practice\node_modules\webdriverio\build\commands\browser\$.js:68:17)
                    at async Browser.runCommandWithHooks (C:\Users\91887\Documents\WebdriverIO_Practice\node_modules\@wdio\sync\build\wrapCommand.js:105:25)
                    at Browser.runCommandWithHooks (C:\Users\91887\Documents\WebdriverIO_Practice\node_modules\@wdio\sync\build\wrapCommand.js:100:24)
                    at Browser.wrapCommandFn (C:\Users\91887\Documents\WebdriverIO_Practice\node_modules\@wdio\sync\build\wrapCommand.js:67:44)
                    at global.$ (C:\Users\91887\Documents\WebdriverIO_Practice\node_modules\@wdio\runner\build\index.js:181:42)
                    at HomePage.get email [as email] (C:\Users\91887\Documents\WebdriverIO_Practice\pages\homepage.js:7:16)
                    at HomePage.enterEmailId (C:\Users\91887\Documents\WebdriverIO_Practice\pages\homepage.js:19:14)
                    at Context.&lt;anonymous> (C:\Users\91887\Documents\WebdriverIO_Practice\test\webpage.js:17:18)
                    at Context.executeSync (C:\Users\91887\Documents\WebdriverIO_Practice\node_modules\@wdio\sync\build\index.js:38:22)
                    at C:\Users\91887\Documents\WebdriverIO_Practice\node_modules\@wdio\sync\build\index.js:69:68</stack-trace>
            </failure>
        </test-case>
        <test-case start='1615948633263' status='broken' stop='1615948633302'>
            <name>click create account</name>
            <title>click create account</title>
            <labels>
                <label name='language' value='javascript'/>
                <label name='framework' value='wdio'/>
                <label name='thread' value='0-0'/>
            </labels>
            <parameters>
                <parameter kind='argument' name='browser' value='chrome-89.0.4389.82'/>
            </parameters>
            <steps>
                <step start='1615948633265' status='broken' stop='1615948633302'>
                    <name>GET /session/:sessionId/screenshot</name>
                    <title>GET /session/:sessionId/screenshot</title>
                    <attachments/>
                    <steps>
                        <step start='1615948633286' status='broken' stop='1615948633302'>
                            <name>GET /session/:sessionId/screenshot</name>
                            <title>GET /session/:sessionId/screenshot</title>
                            <attachments/>
                            <steps/>
                        </step>
                    </steps>
                </step>
            </steps>
            <attachments/>
            <failure>
                <message>no such window: target window already closed
                from unknown error: web view not found
                  (Session info: chrome=89.0.4389.82)</message>
                <stack-trace>no such window: target window already closed
                from unknown error: web view not found
                  (Session info: chrome=89.0.4389.82)
                    at Object.getErrorFromResponseBody (C:\Users\91887\Documents\WebdriverIO_Practice\node_modules\webdriver\build\utils.js:189:12)
                    at WebDriverRequest._request (C:\Users\91887\Documents\WebdriverIO_Practice\node_modules\webdriver\build\request.js:168:31)
                    at processTicksAndRejections (internal/process/task_queues.js:93:5)
                    at async Browser.saveScreenshot (C:\Users\91887\Documents\WebdriverIO_Practice\node_modules\webdriverio\build\commands\browser\saveScreenshot.js:36:26)
                    at async Browser.runCommandWithHooks (C:\Users\91887\Documents\WebdriverIO_Practice\node_modules\@wdio\sync\build\wrapCommand.js:105:25)
                    at Browser.runCommandWithHooks (C:\Users\91887\Documents\WebdriverIO_Practice\node_modules\@wdio\sync\build\wrapCommand.js:100:24)
                    at Browser.wrapCommandFn (C:\Users\91887\Documents\WebdriverIO_Practice\node_modules\@wdio\sync\build\wrapCommand.js:67:44)
                    at Context.&lt;anonymous> (C:\Users\91887\Documents\WebdriverIO_Practice\test\webpage.js:23:17)
                    at Context.executeSync (C:\Users\91887\Documents\WebdriverIO_Practice\node_modules\@wdio\sync\build\index.js:38:22)
                    at C:\Users\91887\Documents\WebdriverIO_Practice\node_modules\@wdio\sync\build\index.js:69:68</stack-trace>
            </failure>
        </test-case>
        <test-case start='1615948633302' status='broken' stop='1615948633344'>
            <name>enter personnel information</name>
            <title>enter personnel information</title>
            <labels>
                <label name='language' value='javascript'/>
                <label name='framework' value='wdio'/>
                <label name='thread' value='0-0'/>
            </labels>
            <parameters>
                <parameter kind='argument' name='browser' value='chrome-89.0.4389.82'/>
            </parameters>
            <steps>
                <step start='1615948633304' status='broken' stop='1615948633344'>
                    <name>POST /session/:sessionId/element</name>
                    <title>POST /session/:sessionId/element</title>
                    <attachments>
                        <attachment title='Request' source='2e5128c1-a7e2-4f63-aa02-943eb96d25c5-attachment.json' type='application/json' size='62'/>
                    </attachments>
                    <steps>
                        <step start='1615948633327' status='broken' stop='1615948633344'>
                            <name>GET /session/:sessionId/screenshot</name>
                            <title>GET /session/:sessionId/screenshot</title>
                            <attachments/>
                            <steps/>
                        </step>
                    </steps>
                </step>
            </steps>
            <attachments/>
            <failure>
                <message>no such window: target window already closed
                from unknown error: web view not found
                  (Session info: chrome=89.0.4389.82)</message>
                <stack-trace>no such window: target window already closed
                from unknown error: web view not found
                  (Session info: chrome=89.0.4389.82)
                    at Object.getErrorFromResponseBody (C:\Users\91887\Documents\WebdriverIO_Practice\node_modules\webdriver\build\utils.js:189:12)
                    at WebDriverRequest._request (C:\Users\91887\Documents\WebdriverIO_Practice\node_modules\webdriver\build\request.js:168:31)
                    at processTicksAndRejections (internal/process/task_queues.js:93:5)
                    at async Browser.$ (C:\Users\91887\Documents\WebdriverIO_Practice\node_modules\webdriverio\build\commands\browser\$.js:68:17)
                    at async Browser.runCommandWithHooks (C:\Users\91887\Documents\WebdriverIO_Practice\node_modules\@wdio\sync\build\wrapCommand.js:105:25)
                    at Browser.runCommandWithHooks (C:\Users\91887\Documents\WebdriverIO_Practice\node_modules\@wdio\sync\build\wrapCommand.js:100:24)
                    at Browser.wrapCommandFn (C:\Users\91887\Documents\WebdriverIO_Practice\node_modules\@wdio\sync\build\wrapCommand.js:67:44)
                    at global.$ (C:\Users\91887\Documents\WebdriverIO_Practice\node_modules\@wdio\runner\build\index.js:181:42)
                    at Context.&lt;anonymous> (C:\Users\91887\Documents\WebdriverIO_Practice\test\webpage.js:30:26)
                    at Context.executeSync (C:\Users\91887\Documents\WebdriverIO_Practice\node_modules\@wdio\sync\build\index.js:38:22)
                    at C:\Users\91887\Documents\WebdriverIO_Practice\node_modules\@wdio\sync\build\index.js:69:68</stack-trace>
            </failure>
        </test-case>
        <test-case start='1615948633344' status='broken' stop='1615948633380'>
            <name>adding address details</name>
            <title>adding address details</title>
            <labels>
                <label name='language' value='javascript'/>
                <label name='framework' value='wdio'/>
                <label name='thread' value='0-0'/>
            </labels>
            <parameters>
                <parameter kind='argument' name='browser' value='chrome-89.0.4389.82'/>
            </parameters>
            <steps>
                <step start='1615948633345' status='broken' stop='1615948633380'>
                    <name>POST /session/:sessionId/element</name>
                    <title>POST /session/:sessionId/element</title>
                    <attachments>
                        <attachment title='Request' source='59f5b605-94d6-402a-9735-24e9507eb9df-attachment.json' type='application/json' size='53'/>
                    </attachments>
                    <steps>
                        <step start='1615948633361' status='broken' stop='1615948633380'>
                            <name>GET /session/:sessionId/screenshot</name>
                            <title>GET /session/:sessionId/screenshot</title>
                            <attachments/>
                            <steps/>
                        </step>
                    </steps>
                </step>
            </steps>
            <attachments/>
            <failure>
                <message>no such window: target window already closed
                from unknown error: web view not found
                  (Session info: chrome=89.0.4389.82)</message>
                <stack-trace>no such window: target window already closed
                from unknown error: web view not found
                  (Session info: chrome=89.0.4389.82)
                    at Object.getErrorFromResponseBody (C:\Users\91887\Documents\WebdriverIO_Practice\node_modules\webdriver\build\utils.js:189:12)
                    at WebDriverRequest._request (C:\Users\91887\Documents\WebdriverIO_Practice\node_modules\webdriver\build\request.js:168:31)
                    at processTicksAndRejections (internal/process/task_queues.js:93:5)
                    at async Browser.$ (C:\Users\91887\Documents\WebdriverIO_Practice\node_modules\webdriverio\build\commands\browser\$.js:68:17)
                    at async Browser.runCommandWithHooks (C:\Users\91887\Documents\WebdriverIO_Practice\node_modules\@wdio\sync\build\wrapCommand.js:105:25)
                    at Browser.runCommandWithHooks (C:\Users\91887\Documents\WebdriverIO_Practice\node_modules\@wdio\sync\build\wrapCommand.js:100:24)
                    at Browser.wrapCommandFn (C:\Users\91887\Documents\WebdriverIO_Practice\node_modules\@wdio\sync\build\wrapCommand.js:67:44)
                    at global.$ (C:\Users\91887\Documents\WebdriverIO_Practice\node_modules\@wdio\runner\build\index.js:181:42)
                    at RegistrationPage.get address [as address] (C:\Users\91887\Documents\WebdriverIO_Practice\pages\registrationpage.js:27:20)
                    at RegistrationPage.addressdetails (C:\Users\91887\Documents\WebdriverIO_Practice\pages\registrationpage.js:81:18)
                    at Context.&lt;anonymous> (C:\Users\91887\Documents\WebdriverIO_Practice\test\webpage.js:43:26)
                    at Context.executeSync (C:\Users\91887\Documents\WebdriverIO_Practice\node_modules\@wdio\sync\build\index.js:38:22)
                    at C:\Users\91887\Documents\WebdriverIO_Practice\node_modules\@wdio\sync\build\index.js:69:68</stack-trace>
            </failure>
        </test-case>
        <test-case start='1615948633380' status='broken' stop='1615948633411'>
            <name>checking customer name</name>
            <title>checking customer name</title>
            <labels>
                <label name='language' value='javascript'/>
                <label name='framework' value='wdio'/>
                <label name='thread' value='0-0'/>
            </labels>
            <parameters>
                <parameter kind='argument' name='browser' value='chrome-89.0.4389.82'/>
            </parameters>
            <steps>
                <step start='1615948633381' status='broken' stop='1615948633411'>
                    <name>POST /session/:sessionId/element</name>
                    <title>POST /session/:sessionId/element</title>
                    <attachments>
                        <attachment title='Request' source='9d88a040-70a8-45db-975f-5a77d3059c87-attachment.json' type='application/json' size='74'/>
                    </attachments>
                    <steps>
                        <step start='1615948633399' status='broken' stop='1615948633411'>
                            <name>GET /session/:sessionId/screenshot</name>
                            <title>GET /session/:sessionId/screenshot</title>
                            <attachments/>
                            <steps/>
                        </step>
                    </steps>
                </step>
            </steps>
            <attachments/>
            <failure>
                <message>no such window: target window already closed
                from unknown error: web view not found
                  (Session info: chrome=89.0.4389.82)</message>
                <stack-trace>no such window: target window already closed
                from unknown error: web view not found
                  (Session info: chrome=89.0.4389.82)
                    at Object.getErrorFromResponseBody (C:\Users\91887\Documents\WebdriverIO_Practice\node_modules\webdriver\build\utils.js:189:12)
                    at WebDriverRequest._request (C:\Users\91887\Documents\WebdriverIO_Practice\node_modules\webdriver\build\request.js:168:31)
                    at processTicksAndRejections (internal/process/task_queues.js:93:5)
                    at async Browser.$ (C:\Users\91887\Documents\WebdriverIO_Practice\node_modules\webdriverio\build\commands\browser\$.js:68:17)
                    at async Browser.runCommandWithHooks (C:\Users\91887\Documents\WebdriverIO_Practice\node_modules\@wdio\sync\build\wrapCommand.js:105:25)
                    at Browser.runCommandWithHooks (C:\Users\91887\Documents\WebdriverIO_Practice\node_modules\@wdio\sync\build\wrapCommand.js:100:24)
                    at Browser.wrapCommandFn (C:\Users\91887\Documents\WebdriverIO_Practice\node_modules\@wdio\sync\build\wrapCommand.js:67:44)
                    at global.$ (C:\Users\91887\Documents\WebdriverIO_Practice\node_modules\@wdio\runner\build\index.js:181:42)
                    at LandingPage.get fullname [as fullname] (C:\Users\91887\Documents\WebdriverIO_Practice\pages\landingpage.js:4:16)
                    at LandingPage.customerFullName (C:\Users\91887\Documents\WebdriverIO_Practice\pages\landingpage.js:13:29)
                    at Context.&lt;anonymous> (C:\Users\91887\Documents\WebdriverIO_Practice\test\webpage.js:51:21)
                    at Context.executeSync (C:\Users\91887\Documents\WebdriverIO_Practice\node_modules\@wdio\sync\build\index.js:38:22)
                    at C:\Users\91887\Documents\WebdriverIO_Practice\node_modules\@wdio\sync\build\index.js:69:68</stack-trace>
            </failure>
        </test-case>
        <test-case start='1615948633412' status='broken' stop='1615948633452'>
            <name>adding item to the cart</name>
            <title>adding item to the cart</title>
            <labels>
                <label name='language' value='javascript'/>
                <label name='framework' value='wdio'/>
                <label name='thread' value='0-0'/>
            </labels>
            <parameters>
                <parameter kind='argument' name='browser' value='chrome-89.0.4389.82'/>
            </parameters>
            <steps>
                <step start='1615948633414' status='broken' stop='1615948633452'>
                    <name>GET /session/:sessionId/screenshot</name>
                    <title>GET /session/:sessionId/screenshot</title>
                    <attachments/>
                    <steps/>
                </step>
            </steps>
            <attachments/>
            <failure>
                <message>this.itemBlouse.waitForDisplayed is not a function</message>
                <stack-trace>TypeError: this.itemBlouse.waitForDisplayed is not a function
                    at AddItem.addingItem (C:\Users\91887\Documents\WebdriverIO_Practice\pages\additem.js:30:21)
                    at Context.&lt;anonymous> (C:\Users\91887\Documents\WebdriverIO_Practice\test\webpage.js:59:17)
                    at Context.executeSync (C:\Users\91887\Documents\WebdriverIO_Practice\node_modules\@wdio\sync\build\index.js:38:22)
                    at C:\Users\91887\Documents\WebdriverIO_Practice\node_modules\@wdio\sync\build\index.js:69:68</stack-trace>
            </failure>
        </test-case>
    </test-cases>
</ns2:test-suite>